Build started 2014-03-17 18:03:06.
     1>Project "C:\Users\Tomek\Desktop\OpenGL\proj2 (11)\proj2\proj2.vcxproj" on node 2 (build target(s)).
     1>InitializeBuildStatus:
         Creating "Debug\proj2.unsuccessfulbuild" because "AlwaysCreate" was specified.
       ClCompile:
         C:\Program Files (x86)\Microsoft Visual Studio 10.0\VC\bin\CL.exe /c /ZI /nologo /W3 /WX- /Od /Oy- /D _MBCS /Gm /EHsc /RTC1 /MDd /GS /fp:precise /Zc:wchar_t /Zc:forScope /openmp /Fo"Debug\\" /Fd"Debug\vc100.pdb" /Gd /TP /analyze- /errorReport:prompt proj2.cpp
         proj2.cpp
     1>c:\users\tomek\desktop\opengl\proj2 (11)\proj2\calka.h(51): warning C4101: 'czasStart' : unreferenced local variable
     1>c:\users\tomek\desktop\opengl\proj2 (11)\proj2\calka.h(51): warning C4101: 'czasStop' : unreferenced local variable
     1>c:\users\tomek\desktop\opengl\proj2 (11)\proj2\rysuj_funkcje.h(20): warning C4101: 'j' : unreferenced local variable
     1>c:\users\tomek\desktop\opengl\proj2 (11)\proj2\rysuj_funkcje.h(209): warning C4996: 'sprintf': This function or variable may be unsafe. Consider using sprintf_s instead. To disable deprecation, use _CRT_SECURE_NO_WARNINGS. See online help for details.
                 c:\program files (x86)\microsoft visual studio 10.0\vc\include\stdio.h(371) : see declaration of 'sprintf'
     1>c:\users\tomek\desktop\opengl\proj2 (11)\proj2\rysuj_funkcje.h(320): warning C4996: 'sprintf': This function or variable may be unsafe. Consider using sprintf_s instead. To disable deprecation, use _CRT_SECURE_NO_WARNINGS. See online help for details.
                 c:\program files (x86)\microsoft visual studio 10.0\vc\include\stdio.h(371) : see declaration of 'sprintf'
     1>c:\users\tomek\desktop\opengl\proj2 (11)\proj2\rysuj_funkcje.h(330): warning C4996: 'sprintf': This function or variable may be unsafe. Consider using sprintf_s instead. To disable deprecation, use _CRT_SECURE_NO_WARNINGS. See online help for details.
                 c:\program files (x86)\microsoft visual studio 10.0\vc\include\stdio.h(371) : see declaration of 'sprintf'
     1>c:\users\tomek\desktop\opengl\proj2 (11)\proj2\rysuj_funkcje.h(342): warning C4996: 'sprintf': This function or variable may be unsafe. Consider using sprintf_s instead. To disable deprecation, use _CRT_SECURE_NO_WARNINGS. See online help for details.
                 c:\program files (x86)\microsoft visual studio 10.0\vc\include\stdio.h(371) : see declaration of 'sprintf'
     1>c:\users\tomek\desktop\opengl\proj2 (11)\proj2\rysuj_funkcje.h(354): warning C4996: 'sprintf': This function or variable may be unsafe. Consider using sprintf_s instead. To disable deprecation, use _CRT_SECURE_NO_WARNINGS. See online help for details.
                 c:\program files (x86)\microsoft visual studio 10.0\vc\include\stdio.h(371) : see declaration of 'sprintf'
     1>c:\users\tomek\desktop\opengl\proj2 (11)\proj2\rysuj_funkcje.h(361): warning C4996: 'sprintf': This function or variable may be unsafe. Consider using sprintf_s instead. To disable deprecation, use _CRT_SECURE_NO_WARNINGS. See online help for details.
                 c:\program files (x86)\microsoft visual studio 10.0\vc\include\stdio.h(371) : see declaration of 'sprintf'
     1>c:\users\tomek\desktop\opengl\proj2 (11)\proj2\rysuj_funkcje.h(368): warning C4996: 'sprintf': This function or variable may be unsafe. Consider using sprintf_s instead. To disable deprecation, use _CRT_SECURE_NO_WARNINGS. See online help for details.
                 c:\program files (x86)\microsoft visual studio 10.0\vc\include\stdio.h(371) : see declaration of 'sprintf'
     1>c:\users\tomek\desktop\opengl\proj2 (11)\proj2\rysuj_funkcje.h(375): warning C4996: 'sprintf': This function or variable may be unsafe. Consider using sprintf_s instead. To disable deprecation, use _CRT_SECURE_NO_WARNINGS. See online help for details.
                 c:\program files (x86)\microsoft visual studio 10.0\vc\include\stdio.h(371) : see declaration of 'sprintf'
     1>c:\users\tomek\desktop\opengl\proj2 (11)\proj2\rysuj_funkcje.h(39): warning C4715: 'skaluj' : not all control paths return a value
       Link:
         C:\Program Files (x86)\Microsoft Visual Studio 10.0\VC\bin\link.exe /ERRORREPORT:PROMPT /OUT:"C:\Users\Tomek\Desktop\OpenGL\proj2 (11)\Debug\proj2.exe" /NOLOGO kernel32.lib user32.lib gdi32.lib winspool.lib comdlg32.lib advapi32.lib shell32.lib ole32.lib oleaut32.lib uuid.lib odbc32.lib odbccp32.lib opengl32.lib glu32.lib glaux.lib glut32.lib kernel32.lib user32.lib gdi32.lib winspool.lib comdlg32.lib advapi32.lib shell32.lib ole32.lib oleaut32.lib uuid.lib odbc32.lib odbccp32.lib /MANIFEST /ManifestFile:"Debug\proj2.exe.intermediate.manifest" /MANIFESTUAC:"level='asInvoker' uiAccess='false'" /DEBUG /PDB:"C:\Users\Tomek\Desktop\OpenGL\proj2 (11)\Debug\proj2.pdb" /TLBID:1 /DYNAMICBASE /NXCOMPAT /IMPLIB:"C:\Users\Tomek\Desktop\OpenGL\proj2 (11)\Debug\proj2.lib" /MACHINE:X86 Debug\proj2.obj
         LINK : C:\Users\Tomek\Desktop\OpenGL\proj2 (11)\Debug\proj2.exe not found or not built by the last incremental link; performing full link
         proj2.vcxproj -> C:\Users\Tomek\Desktop\OpenGL\proj2 (11)\Debug\proj2.exe
       Manifest:
         C:\Program Files (x86)\Microsoft SDKs\Windows\v7.0A\bin\mt.exe /nologo /verbose /outputresource:"C:\Users\Tomek\Desktop\OpenGL\proj2 (11)\Debug\proj2.exe;#1" /manifest Debug\proj2.exe.intermediate.manifest
       FinalizeBuildStatus:
         Deleting file "Debug\proj2.unsuccessfulbuild".
         Touching "Debug\proj2.lastbuildstate".
     1>Done Building Project "C:\Users\Tomek\Desktop\OpenGL\proj2 (11)\proj2\proj2.vcxproj" (build target(s)).

Build succeeded.

Time Elapsed 00:00:02.57
